<?xml version="1.0" encoding="UTF-8"?>
<testng-results ignored="0" total="13" passed="13" failed="0" skipped="0">
  <reporter-output>
  </reporter-output>
  <suite started-at="2025-06-24T21:15:28 EDT" name="SwagLabs Automation Suite" finished-at="2025-06-24T21:19:54 EDT" duration-ms="265133">
    <groups>
    </groups>
    <test started-at="2025-06-24T21:15:28 EDT" name="Full Regression Test" finished-at="2025-06-24T21:19:54 EDT" duration-ms="265133">
      <class name="tests.LoginTest">
        <test-method is-config="true" signature="setUp()[pri:0, instance:tests.LoginTest@5af3afd9]" started-at="2025-06-24T21:15:30 EDT" name="setUp" finished-at="2025-06-24T21:15:36 EDT" duration-ms="6565" status="PASS">
          <reporter-output>
          </reporter-output>
        </test-method> <!-- setUp -->
        <test-method signature="loginTest(java.lang.String,java.lang.String,java.lang.String)[pri:0, instance:tests.LoginTest@5af3afd9]" started-at="2025-06-24T21:15:36 EDT" name="loginTest" data-provider="excelLoginData" finished-at="2025-06-24T21:15:37 EDT" duration-ms="854" status="PASS">
          <params>
            <param index="0">
              <value>
                <![CDATA[standard_user]]>
              </value>
            </param>
            <param index="1">
              <value>
                <![CDATA[secret_sauce]]>
              </value>
            </param>
            <param index="2">
              <value>
                <![CDATA[success]]>
              </value>
            </param>
          </params>
          <reporter-output>
          </reporter-output>
        </test-method> <!-- loginTest -->
        <test-method is-config="true" signature="tearDown()[pri:0, instance:tests.LoginTest@5af3afd9]" started-at="2025-06-24T21:15:37 EDT" name="tearDown" finished-at="2025-06-24T21:15:39 EDT" duration-ms="2256" status="PASS">
          <reporter-output>
          </reporter-output>
        </test-method> <!-- tearDown -->
        <test-method is-config="true" signature="setUp()[pri:0, instance:tests.LoginTest@5af3afd9]" started-at="2025-06-24T21:15:39 EDT" name="setUp" finished-at="2025-06-24T21:15:44 EDT" duration-ms="4925" status="PASS">
          <reporter-output>
          </reporter-output>
        </test-method> <!-- setUp -->
        <test-method signature="loginTest(java.lang.String,java.lang.String,java.lang.String)[pri:0, instance:tests.LoginTest@5af3afd9]" started-at="2025-06-24T21:15:44 EDT" name="loginTest" data-provider="excelLoginData" finished-at="2025-06-24T21:15:45 EDT" duration-ms="726" status="PASS">
          <params>
            <param index="0">
              <value>
                <![CDATA[locked_out_user]]>
              </value>
            </param>
            <param index="1">
              <value>
                <![CDATA[secret_sauce]]>
              </value>
            </param>
            <param index="2">
              <value>
                <![CDATA[fail]]>
              </value>
            </param>
          </params>
          <reporter-output>
          </reporter-output>
        </test-method> <!-- loginTest -->
        <test-method is-config="true" signature="tearDown()[pri:0, instance:tests.LoginTest@5af3afd9]" started-at="2025-06-24T21:15:45 EDT" name="tearDown" finished-at="2025-06-24T21:15:47 EDT" duration-ms="1915" status="PASS">
          <reporter-output>
          </reporter-output>
        </test-method> <!-- tearDown -->
        <test-method is-config="true" signature="setUp()[pri:0, instance:tests.LoginTest@5af3afd9]" started-at="2025-06-24T21:15:47 EDT" name="setUp" finished-at="2025-06-24T21:15:52 EDT" duration-ms="5097" status="PASS">
          <reporter-output>
          </reporter-output>
        </test-method> <!-- setUp -->
        <test-method signature="loginTest(java.lang.String,java.lang.String,java.lang.String)[pri:0, instance:tests.LoginTest@5af3afd9]" started-at="2025-06-24T21:15:52 EDT" name="loginTest" data-provider="excelLoginData" finished-at="2025-06-24T21:15:53 EDT" duration-ms="895" status="PASS">
          <params>
            <param index="0">
              <value>
                <![CDATA[problem_user]]>
              </value>
            </param>
            <param index="1">
              <value>
                <![CDATA[secret_sauce]]>
              </value>
            </param>
            <param index="2">
              <value>
                <![CDATA[success]]>
              </value>
            </param>
          </params>
          <reporter-output>
          </reporter-output>
        </test-method> <!-- loginTest -->
        <test-method is-config="true" signature="tearDown()[pri:0, instance:tests.LoginTest@5af3afd9]" started-at="2025-06-24T21:15:53 EDT" name="tearDown" finished-at="2025-06-24T21:15:55 EDT" duration-ms="1703" status="PASS">
          <reporter-output>
          </reporter-output>
        </test-method> <!-- tearDown -->
      </class> <!-- tests.LoginTest -->
      <class name="tests.CheckoutDataDrivenTest">
        <test-method is-config="true" signature="setUp()[pri:0, instance:tests.CheckoutDataDrivenTest@436813f3]" started-at="2025-06-24T21:16:45 EDT" name="setUp" finished-at="2025-06-24T21:16:49 EDT" duration-ms="4774" status="PASS">
          <reporter-output>
          </reporter-output>
        </test-method> <!-- setUp -->
        <test-method signature="checkoutFormTest(java.lang.String,java.lang.String,java.lang.String)[pri:0, instance:tests.CheckoutDataDrivenTest@436813f3]" started-at="2025-06-24T21:16:49 EDT" name="checkoutFormTest" data-provider="checkoutData" finished-at="2025-06-24T21:17:08 EDT" duration-ms="18202" status="PASS">
          <params>
            <param index="0">
              <value>
                <![CDATA[Enes]]>
              </value>
            </param>
            <param index="1">
              <value>
                <![CDATA[Aydogdu]]>
              </value>
            </param>
            <param index="2">
              <value>
                <![CDATA[M6M2S5]]>
              </value>
            </param>
          </params>
          <reporter-output>
          </reporter-output>
        </test-method> <!-- checkoutFormTest -->
        <test-method is-config="true" signature="tearDown()[pri:0, instance:tests.CheckoutDataDrivenTest@436813f3]" started-at="2025-06-24T21:17:08 EDT" name="tearDown" finished-at="2025-06-24T21:17:09 EDT" duration-ms="1203" status="PASS">
          <reporter-output>
          </reporter-output>
        </test-method> <!-- tearDown -->
        <test-method is-config="true" signature="setUp()[pri:0, instance:tests.CheckoutDataDrivenTest@436813f3]" started-at="2025-06-24T21:17:09 EDT" name="setUp" finished-at="2025-06-24T21:17:14 EDT" duration-ms="5415" status="PASS">
          <reporter-output>
          </reporter-output>
        </test-method> <!-- setUp -->
        <test-method signature="checkoutFormTest(java.lang.String,java.lang.String,java.lang.String)[pri:0, instance:tests.CheckoutDataDrivenTest@436813f3]" started-at="2025-06-24T21:17:14 EDT" name="checkoutFormTest" data-provider="checkoutData" finished-at="2025-06-24T21:17:32 EDT" duration-ms="18081" status="PASS">
          <params>
            <param index="0">
              <value>
                <![CDATA[John]]>
              </value>
            </param>
            <param index="1">
              <value>
                <![CDATA[Smith]]>
              </value>
            </param>
            <param index="2">
              <value>
                <![CDATA[98765.0]]>
              </value>
            </param>
          </params>
          <reporter-output>
          </reporter-output>
        </test-method> <!-- checkoutFormTest -->
        <test-method is-config="true" signature="tearDown()[pri:0, instance:tests.CheckoutDataDrivenTest@436813f3]" started-at="2025-06-24T21:17:32 EDT" name="tearDown" finished-at="2025-06-24T21:17:34 EDT" duration-ms="1208" status="PASS">
          <reporter-output>
          </reporter-output>
        </test-method> <!-- tearDown -->
        <test-method is-config="true" signature="setUp()[pri:0, instance:tests.CheckoutDataDrivenTest@436813f3]" started-at="2025-06-24T21:17:34 EDT" name="setUp" finished-at="2025-06-24T21:17:38 EDT" duration-ms="4130" status="PASS">
          <reporter-output>
          </reporter-output>
        </test-method> <!-- setUp -->
        <test-method signature="checkoutFormTest(java.lang.String,java.lang.String,java.lang.String)[pri:0, instance:tests.CheckoutDataDrivenTest@436813f3]" started-at="2025-06-24T21:17:38 EDT" name="checkoutFormTest" data-provider="checkoutData" finished-at="2025-06-24T21:17:56 EDT" duration-ms="18237" status="PASS">
          <params>
            <param index="0">
              <value>
                <![CDATA[Alice]]>
              </value>
            </param>
            <param index="1">
              <value>
                <![CDATA[Brown]]>
              </value>
            </param>
            <param index="2">
              <value>
                <![CDATA[54321.0]]>
              </value>
            </param>
          </params>
          <reporter-output>
          </reporter-output>
        </test-method> <!-- checkoutFormTest -->
        <test-method is-config="true" signature="tearDown()[pri:0, instance:tests.CheckoutDataDrivenTest@436813f3]" started-at="2025-06-24T21:17:56 EDT" name="tearDown" finished-at="2025-06-24T21:17:57 EDT" duration-ms="1363" status="PASS">
          <reporter-output>
          </reporter-output>
        </test-method> <!-- tearDown -->
      </class> <!-- tests.CheckoutDataDrivenTest -->
      <class name="tests.AddToCartTest">
        <test-method is-config="true" signature="setup()[pri:0, instance:tests.AddToCartTest@223d2c72]" started-at="2025-06-24T21:15:55 EDT" name="setup" finished-at="2025-06-24T21:16:00 EDT" duration-ms="5171" status="PASS">
          <reporter-output>
          </reporter-output>
        </test-method> <!-- setup -->
        <test-method signature="testAddToCart()[pri:0, instance:tests.AddToCartTest@223d2c72]" started-at="2025-06-24T21:16:00 EDT" name="testAddToCart" finished-at="2025-06-24T21:16:18 EDT" duration-ms="18131" status="PASS">
          <reporter-output>
          </reporter-output>
        </test-method> <!-- testAddToCart -->
        <test-method is-config="true" signature="teardown()[pri:0, instance:tests.AddToCartTest@223d2c72]" started-at="2025-06-24T21:16:18 EDT" name="teardown" finished-at="2025-06-24T21:16:19 EDT" duration-ms="1088" status="PASS">
          <reporter-output>
          </reporter-output>
        </test-method> <!-- teardown -->
      </class> <!-- tests.AddToCartTest -->
      <class name="tests.CheckoutValidationTest">
        <test-method is-config="true" signature="setup()[pri:0, instance:tests.CheckoutValidationTest@8f4ea7c]" started-at="2025-06-24T21:16:19 EDT" name="setup" finished-at="2025-06-24T21:16:23 EDT" duration-ms="4200" status="PASS">
          <reporter-output>
          </reporter-output>
        </test-method> <!-- setup -->
        <test-method signature="testEmptyCheckoutForm()[pri:0, instance:tests.CheckoutValidationTest@8f4ea7c]" started-at="2025-06-24T21:16:23 EDT" name="testEmptyCheckoutForm" finished-at="2025-06-24T21:16:43 EDT" duration-ms="19930" status="PASS">
          <reporter-output>
          </reporter-output>
        </test-method> <!-- testEmptyCheckoutForm -->
        <test-method is-config="true" signature="teardown()[pri:0, instance:tests.CheckoutValidationTest@8f4ea7c]" started-at="2025-06-24T21:16:43 EDT" name="teardown" finished-at="2025-06-24T21:16:45 EDT" duration-ms="1351" status="PASS">
          <reporter-output>
          </reporter-output>
        </test-method> <!-- teardown -->
      </class> <!-- tests.CheckoutValidationTest -->
      <class name="tests.InvalidCheckoutFormTest">
        <test-method is-config="true" signature="setUp()[pri:0, instance:tests.InvalidCheckoutFormTest@74fe5c40]" started-at="2025-06-24T21:17:57 EDT" name="setUp" finished-at="2025-06-24T21:18:01 EDT" duration-ms="4046" status="PASS">
          <reporter-output>
          </reporter-output>
        </test-method> <!-- setUp -->
        <test-method signature="invalidCheckoutTest(java.lang.String,java.lang.String,java.lang.String)[pri:0, instance:tests.InvalidCheckoutFormTest@74fe5c40]" started-at="2025-06-24T21:18:01 EDT" name="invalidCheckoutTest" data-provider="invalidCheckoutData" finished-at="2025-06-24T21:18:19 EDT" duration-ms="18076" status="PASS">
          <params>
            <param index="0">
              <value>
                <![CDATA[]]>
              </value>
            </param>
            <param index="1">
              <value>
                <![CDATA[Aydogdu]]>
              </value>
            </param>
            <param index="2">
              <value>
                <![CDATA[M6M2S5]]>
              </value>
            </param>
          </params>
          <reporter-output>
          </reporter-output>
        </test-method> <!-- invalidCheckoutTest -->
        <test-method is-config="true" signature="tearDown()[pri:0, instance:tests.InvalidCheckoutFormTest@74fe5c40]" started-at="2025-06-24T21:18:19 EDT" name="tearDown" finished-at="2025-06-24T21:18:21 EDT" duration-ms="1078" status="PASS">
          <reporter-output>
          </reporter-output>
        </test-method> <!-- tearDown -->
        <test-method is-config="true" signature="setUp()[pri:0, instance:tests.InvalidCheckoutFormTest@74fe5c40]" started-at="2025-06-24T21:18:21 EDT" name="setUp" finished-at="2025-06-24T21:18:24 EDT" duration-ms="3870" status="PASS">
          <reporter-output>
          </reporter-output>
        </test-method> <!-- setUp -->
        <test-method signature="invalidCheckoutTest(java.lang.String,java.lang.String,java.lang.String)[pri:0, instance:tests.InvalidCheckoutFormTest@74fe5c40]" started-at="2025-06-24T21:18:24 EDT" name="invalidCheckoutTest" data-provider="invalidCheckoutData" finished-at="2025-06-24T21:18:42 EDT" duration-ms="18101" status="PASS">
          <params>
            <param index="0">
              <value>
                <![CDATA[Enes]]>
              </value>
            </param>
            <param index="1">
              <value>
                <![CDATA[]]>
              </value>
            </param>
            <param index="2">
              <value>
                <![CDATA[M6M2S5]]>
              </value>
            </param>
          </params>
          <reporter-output>
          </reporter-output>
        </test-method> <!-- invalidCheckoutTest -->
        <test-method is-config="true" signature="tearDown()[pri:0, instance:tests.InvalidCheckoutFormTest@74fe5c40]" started-at="2025-06-24T21:18:42 EDT" name="tearDown" finished-at="2025-06-24T21:18:44 EDT" duration-ms="1066" status="PASS">
          <reporter-output>
          </reporter-output>
        </test-method> <!-- tearDown -->
        <test-method is-config="true" signature="setUp()[pri:0, instance:tests.InvalidCheckoutFormTest@74fe5c40]" started-at="2025-06-24T21:18:44 EDT" name="setUp" finished-at="2025-06-24T21:18:48 EDT" duration-ms="4295" status="PASS">
          <reporter-output>
          </reporter-output>
        </test-method> <!-- setUp -->
        <test-method signature="invalidCheckoutTest(java.lang.String,java.lang.String,java.lang.String)[pri:0, instance:tests.InvalidCheckoutFormTest@74fe5c40]" started-at="2025-06-24T21:18:48 EDT" name="invalidCheckoutTest" data-provider="invalidCheckoutData" finished-at="2025-06-24T21:19:06 EDT" duration-ms="18088" status="PASS">
          <params>
            <param index="0">
              <value>
                <![CDATA[Enes]]>
              </value>
            </param>
            <param index="1">
              <value>
                <![CDATA[Aydogdu]]>
              </value>
            </param>
            <param index="2">
              <value>
                <![CDATA[]]>
              </value>
            </param>
          </params>
          <reporter-output>
          </reporter-output>
        </test-method> <!-- invalidCheckoutTest -->
        <test-method is-config="true" signature="tearDown()[pri:0, instance:tests.InvalidCheckoutFormTest@74fe5c40]" started-at="2025-06-24T21:19:06 EDT" name="tearDown" finished-at="2025-06-24T21:19:07 EDT" duration-ms="1103" status="PASS">
          <reporter-output>
          </reporter-output>
        </test-method> <!-- tearDown -->
        <test-method is-config="true" signature="setUp()[pri:0, instance:tests.InvalidCheckoutFormTest@74fe5c40]" started-at="2025-06-24T21:19:07 EDT" name="setUp" finished-at="2025-06-24T21:19:11 EDT" duration-ms="4017" status="PASS">
          <reporter-output>
          </reporter-output>
        </test-method> <!-- setUp -->
        <test-method signature="invalidCheckoutTest(java.lang.String,java.lang.String,java.lang.String)[pri:0, instance:tests.InvalidCheckoutFormTest@74fe5c40]" started-at="2025-06-24T21:19:11 EDT" name="invalidCheckoutTest" data-provider="invalidCheckoutData" finished-at="2025-06-24T21:19:29 EDT" duration-ms="18095" status="PASS">
          <params>
            <param index="0">
              <value>
                <![CDATA[]]>
              </value>
            </param>
            <param index="1">
              <value>
                <![CDATA[Test]]>
              </value>
            </param>
            <param index="2">
              <value>
                <![CDATA[12345.0]]>
              </value>
            </param>
          </params>
          <reporter-output>
          </reporter-output>
        </test-method> <!-- invalidCheckoutTest -->
        <test-method is-config="true" signature="tearDown()[pri:0, instance:tests.InvalidCheckoutFormTest@74fe5c40]" started-at="2025-06-24T21:19:29 EDT" name="tearDown" finished-at="2025-06-24T21:19:30 EDT" duration-ms="1082" status="PASS">
          <reporter-output>
          </reporter-output>
        </test-method> <!-- tearDown -->
        <test-method is-config="true" signature="setUp()[pri:0, instance:tests.InvalidCheckoutFormTest@74fe5c40]" started-at="2025-06-24T21:19:30 EDT" name="setUp" finished-at="2025-06-24T21:19:34 EDT" duration-ms="4087" status="PASS">
          <reporter-output>
          </reporter-output>
        </test-method> <!-- setUp -->
        <test-method signature="invalidCheckoutTest(java.lang.String,java.lang.String,java.lang.String)[pri:0, instance:tests.InvalidCheckoutFormTest@74fe5c40]" started-at="2025-06-24T21:19:34 EDT" name="invalidCheckoutTest" data-provider="invalidCheckoutData" finished-at="2025-06-24T21:19:52 EDT" duration-ms="18076" status="PASS">
          <params>
            <param index="0">
              <value>
                <![CDATA[Enes]]>
              </value>
            </param>
            <param index="1">
              <value>
                <![CDATA[Aydogdu]]>
              </value>
            </param>
            <param index="2">
              <value>
                <![CDATA[abcd]]>
              </value>
            </param>
          </params>
          <reporter-output>
          </reporter-output>
        </test-method> <!-- invalidCheckoutTest -->
        <test-method is-config="true" signature="tearDown()[pri:0, instance:tests.InvalidCheckoutFormTest@74fe5c40]" started-at="2025-06-24T21:19:52 EDT" name="tearDown" finished-at="2025-06-24T21:19:54 EDT" duration-ms="1159" status="PASS">
          <reporter-output>
          </reporter-output>
        </test-method> <!-- tearDown -->
      </class> <!-- tests.InvalidCheckoutFormTest -->
    </test> <!-- Full Regression Test -->
  </suite> <!-- SwagLabs Automation Suite -->
</testng-results>
