<?xml version="1.0" encoding="UTF-8"?>
<testsuite xmlns:xsi="http://www.w3.org/2001/XMLSchema-instance" xsi:noNamespaceSchemaLocation="https://maven.apache.org/surefire/maven-surefire-plugin/xsd/surefire-test-report-3.0.xsd" version="3.0" name="TestSuite" time="77.075" tests="5" errors="0" skipped="0" failures="0">
  <properties>
[...]
</properties>
  <testcase name="loginTest[standard_user, secret_sauce](1)" classname="tests.LoginTest" time="0.994">
    <system-err><![CDATA[SLF4J: Failed to load class "org.slf4j.impl.StaticLoggerBinder".
SLF4J: Defaulting to no-operation (NOP) logger implementation
SLF4J: See http://www.slf4j.org/codes.html#StaticLoggerBinder for further details.
]]></system-err>
  </testcase>
  <testcase name="loginTest[locked_out_user, secret_sauce](2)" classname="tests.LoginTest" time="0.915"/>
  <testcase name="loginTest[problem_user, secret_sauce](3)" classname="tests.LoginTest" time="0.776"/>
  <testcase name="testAddToCart" classname="tests.AddToCartTest" time="18.099">
    <system-out><![CDATA[Popup forcefully removed via JavaScript.
Google popup not visible, proceeding...
Popup forcefully removed via JavaScript.
Popup forcefully removed via JavaScript.
]]></system-out>
  </testcase>
  <testcase name="testEmptyCheckoutForm" classname="tests.CheckoutValidationTest" time="20.017">
    <system-out><![CDATA[Popup forcefully removed via JavaScript.
Google popup not visible, proceeding...
Popup forcefully removed via JavaScript.
Popup forcefully removed via JavaScript.
Popup forcefully removed via JavaScript.
]]></system-out>
  </testcase>
</testsuite>