<?xml version="1.0" encoding="UTF-8"?>
<!-- Generated by org.testng.reporters.JUnitXMLReporter -->
<testsuite ignored="0" hostname="DESKTOP-5GDB5GM" failures="0" tests="5" name="Full Regression Test" time="76.039" errors="0" timestamp="2025-05-27T12:59:36 EDT">
  <testcase classname="tests.LoginTest" name="loginTest" time="0.994"/>
  <testcase classname="tests.LoginTest" name="loginTest" time="0.915"/>
  <testcase classname="tests.LoginTest" name="loginTest" time="0.776"/>
  <testcase classname="tests.AddToCartTest" name="testAddToCart" time="18.101"/>
  <testcase classname="tests.CheckoutValidationTest" name="testEmptyCheckoutForm" time="20.018"/>
</testsuite> <!-- Full Regression Test -->
